2025-03-06 at 10:55:27 - INFO - Optuna最適化開始
2025-03-06 at 10:55:27 - INFO - Trial 0 開始
2025-03-06 at 10:55:27 - INFO - Trial 1 開始
2025-03-06 at 10:55:27 - INFO - Trial 2 開始
2025-03-06 at 10:55:27 - INFO - Trial 3 開始
2025-03-06 at 10:55:27 - INFO - Trial 4 開始
2025-03-06 at 10:55:27 - INFO - Trial 5 開始
2025-03-06 at 10:55:27 - INFO - Trial 6 開始
2025-03-06 at 10:55:27 - INFO - Trial 7 開始
2025-03-06 at 10:55:27 - INFO - Trial 8 開始
2025-03-06 at 10:55:27 - INFO - Trial 9 開始
2025-03-06 at 10:55:27 - INFO - Trial 10 開始
2025-03-06 at 10:55:27 - INFO - Trial 11 開始
2025-03-06 at 11:11:16 - INFO - Trial 0 終了: スコア 11.90383515480637
2025-03-06 at 11:11:16 - INFO - Trial 12 開始
2025-03-06 at 11:12:54 - INFO - Trial 4 終了: スコア 11.90391498128037
2025-03-06 at 11:12:54 - INFO - Trial 13 開始
2025-03-06 at 11:16:17 - INFO - Trial 6 終了: スコア 11.919265829776325
2025-03-06 at 11:16:17 - INFO - Trial 14 開始
2025-03-06 at 11:35:30 - INFO - Trial 11 終了: スコア 11.93541838044857
2025-03-06 at 11:35:30 - INFO - Trial 15 開始
2025-03-06 at 11:42:12 - INFO - Trial 5 終了: スコア 11.907426761749699
2025-03-06 at 11:42:12 - INFO - Trial 16 開始
2025-03-06 at 11:51:35 - INFO - Trial 8 終了: スコア 11.886870678833215
2025-03-06 at 11:51:35 - INFO - Trial 17 開始
2025-03-06 at 11:54:58 - INFO - Trial 7 終了: スコア 11.919958071253271
2025-03-06 at 11:54:58 - INFO - Trial 18 開始
2025-03-06 at 12:05:02 - INFO - Trial 9 終了: スコア 11.894948620508055
2025-03-06 at 12:05:02 - INFO - Trial 19 開始
2025-03-06 at 12:10:44 - INFO - Trial 1 終了: スコア 12.511493095495869
2025-03-06 at 12:10:44 - INFO - Trial 20 開始
2025-03-06 at 12:12:26 - INFO - Trial 2 終了: スコア 11.934970101683978
2025-03-06 at 12:12:26 - INFO - Trial 21 開始
2025-03-06 at 12:14:21 - INFO - Trial 17 終了: スコア 11.9167160523451
2025-03-06 at 12:14:21 - INFO - Trial 22 開始
2025-03-06 at 12:29:37 - INFO - Trial 10 終了: スコア 11.920331759435284
2025-03-06 at 12:29:37 - INFO - Trial 23 開始
2025-03-06 at 12:29:47 - INFO - Trial 3 終了: スコア 12.168191550695107
2025-03-06 at 12:29:47 - INFO - Trial 24 開始
2025-03-06 at 12:47:14 - INFO - Trial 15 終了: スコア 12.18063854516652
2025-03-06 at 12:47:14 - INFO - Trial 25 開始
2025-03-06 at 12:48:55 - INFO - Trial 14 終了: スコア 11.879959767081669
2025-03-06 at 12:48:55 - INFO - Trial 26 開始
2025-03-06 at 13:06:18 - INFO - Trial 12 終了: スコア 11.923959378744936
2025-03-06 at 13:06:18 - INFO - Trial 27 開始
2025-03-06 at 13:07:49 - INFO - Trial 18 終了: スコア 12.917597786560302
2025-03-06 at 13:07:49 - INFO - Trial 28 開始
2025-03-06 at 13:19:59 - INFO - Trial 24 終了: スコア 11.90125599000346
2025-03-06 at 13:19:59 - INFO - Trial 29 開始
2025-03-06 at 13:21:13 - INFO - Trial 20 終了: スコア 11.886085432890711
2025-03-06 at 13:21:13 - INFO - Trial 30 開始
2025-03-06 at 13:23:40 - INFO - Trial 19 終了: スコア 11.90842622943685
2025-03-06 at 13:23:40 - INFO - Trial 31 開始
2025-03-06 at 13:27:32 - INFO - Trial 22 終了: スコア 11.983982891690314
2025-03-06 at 13:27:32 - INFO - Trial 32 開始
2025-03-06 at 13:36:56 - INFO - Trial 13 終了: スコア 12.384183741997987
2025-03-06 at 13:36:56 - INFO - Trial 33 開始
2025-03-06 at 13:43:04 - INFO - Trial 23 終了: スコア 12.012350843297792
2025-03-06 at 13:43:04 - INFO - Trial 34 開始
2025-03-06 at 13:43:04 - INFO - Trial 21 終了: スコア 12.208167873788334
2025-03-06 at 13:43:04 - INFO - Trial 35 開始
2025-03-06 at 13:44:05 - INFO - Trial 16 終了: スコア 12.011705646724247
2025-03-06 at 13:44:05 - INFO - Trial 36 開始
2025-03-06 at 13:45:39 - INFO - Trial 25 終了: スコア 11.893101387139343
2025-03-06 at 13:45:39 - INFO - Trial 37 開始
2025-03-06 at 14:10:50 - INFO - Trial 26 終了: スコア 11.915028595997999
2025-03-06 at 14:10:50 - INFO - Trial 38 開始
2025-03-06 at 14:16:15 - INFO - Trial 37 終了: スコア 11.882165736690537
2025-03-06 at 14:16:15 - INFO - Trial 39 開始
2025-03-06 at 14:23:51 - INFO - Trial 27 終了: スコア 11.919697760095362
2025-03-06 at 14:23:51 - INFO - Trial 40 開始
2025-03-06 at 14:26:34 - INFO - Trial 32 終了: スコア 11.881403053204973
2025-03-06 at 14:26:34 - INFO - Trial 41 開始
2025-03-06 at 14:30:12 - INFO - Trial 28 終了: スコア 11.932203718278066
2025-03-06 at 14:30:12 - INFO - Trial 42 開始
2025-03-06 at 14:34:50 - INFO - Trial 36 終了: スコア 11.87626285726044
2025-03-06 at 14:34:50 - INFO - Trial 43 開始
2025-03-06 at 14:38:16 - INFO - Trial 30 終了: スコア 11.937799012353626
2025-03-06 at 14:38:16 - INFO - Trial 44 開始
2025-03-06 at 14:39:31 - INFO - Trial 29 終了: スコア 11.954900494801494
2025-03-06 at 14:39:31 - INFO - Trial 45 開始
2025-03-06 at 14:40:48 - INFO - Trial 35 終了: スコア 11.882114395162347
2025-03-06 at 14:40:49 - INFO - Trial 46 開始
2025-03-06 at 14:43:17 - INFO - Trial 38 終了: スコア 11.88084337628932
2025-03-06 at 14:43:17 - INFO - Trial 47 開始
2025-03-06 at 14:45:02 - INFO - Trial 31 終了: スコア 11.929818398432882
2025-03-06 at 14:45:02 - INFO - Trial 48 開始
2025-03-06 at 14:45:40 - INFO - Trial 39 終了: スコア 11.883889847482246
2025-03-06 at 14:45:40 - INFO - Trial 49 開始
2025-03-06 at 14:45:40 - INFO - Trial 34 終了: スコア 11.90373208710059
2025-03-06 at 14:45:40 - INFO - Trial 50 開始
2025-03-06 at 14:48:04 - INFO - Trial 41 終了: スコア 11.886875712287024
2025-03-06 at 14:48:04 - INFO - Trial 51 開始
2025-03-06 at 14:48:45 - INFO - Trial 40 終了: スコア 11.881904485583286
2025-03-06 at 14:48:45 - INFO - Trial 52 開始
2025-03-06 at 14:54:21 - INFO - Trial 42 終了: スコア 11.885337874590235
2025-03-06 at 14:54:21 - INFO - Trial 53 開始
2025-03-06 at 14:56:50 - INFO - Trial 33 終了: スコア 11.944686658154163
2025-03-06 at 14:56:50 - INFO - Trial 54 開始
2025-03-06 at 14:59:29 - INFO - Trial 44 終了: スコア 11.886117027044953
2025-03-06 at 14:59:29 - INFO - Trial 55 開始
2025-03-06 at 15:03:37 - INFO - Trial 45 終了: スコア 11.881309607399874
2025-03-06 at 15:03:37 - INFO - Trial 56 開始
2025-03-06 at 15:04:04 - INFO - Trial 43 終了: スコア 11.880365061813928
2025-03-06 at 15:04:04 - INFO - Trial 57 開始
2025-03-06 at 15:05:19 - INFO - Trial 46 終了: スコア 11.883446905461161
2025-03-06 at 15:05:19 - INFO - Trial 58 開始
2025-03-06 at 15:06:10 - INFO - Trial 48 終了: スコア 11.880106625505942
2025-03-06 at 15:06:10 - INFO - Trial 59 開始
2025-03-06 at 15:10:35 - INFO - Trial 47 終了: スコア 11.888471705291206
2025-03-06 at 15:10:35 - INFO - Trial 60 開始
2025-03-06 at 15:15:56 - INFO - Trial 49 終了: スコア 11.915340175375137
2025-03-06 at 15:15:56 - INFO - Trial 61 開始
2025-03-06 at 15:16:29 - INFO - Trial 50 終了: スコア 11.914769366113521
2025-03-06 at 15:16:29 - INFO - Trial 62 開始
2025-03-06 at 15:19:51 - INFO - Trial 52 終了: スコア 11.883493489327321
2025-03-06 at 15:19:51 - INFO - Trial 63 開始
2025-03-06 at 15:21:43 - INFO - Trial 55 終了: スコア 11.928022024286772
2025-03-06 at 15:21:43 - INFO - Trial 64 開始
2025-03-06 at 15:27:19 - INFO - Trial 57 終了: スコア 11.891884294468033
2025-03-06 at 15:27:19 - INFO - Trial 65 開始
2025-03-06 at 15:29:20 - INFO - Trial 53 終了: スコア 11.8928983365327
2025-03-06 at 15:29:20 - INFO - Trial 66 開始
2025-03-06 at 15:32:48 - INFO - Trial 58 終了: スコア 11.915252529300318
2025-03-06 at 15:32:48 - INFO - Trial 67 開始
2025-03-06 at 15:32:58 - INFO - Trial 59 終了: スコア 11.916139814712235
2025-03-06 at 15:32:58 - INFO - Trial 68 開始
2025-03-06 at 15:36:51 - INFO - Trial 61 終了: スコア 11.894042565429228
2025-03-06 at 15:36:51 - INFO - Trial 69 開始
2025-03-06 at 15:37:44 - INFO - Trial 62 終了: スコア 11.89246813878579
2025-03-06 at 15:37:44 - INFO - Trial 70 開始
2025-03-06 at 15:38:23 - INFO - Trial 60 終了: スコア 11.914236197925883
2025-03-06 at 15:38:23 - INFO - Trial 71 開始
2025-03-06 at 15:39:06 - INFO - Trial 56 終了: スコア 11.893811960070323
2025-03-06 at 15:39:06 - INFO - Trial 72 開始
2025-03-06 at 15:41:39 - INFO - Trial 63 終了: スコア 11.892891164097808
2025-03-06 at 15:41:39 - INFO - Trial 73 開始
2025-03-06 at 15:44:58 - INFO - Trial 64 終了: スコア 11.88853244194234
2025-03-06 at 15:44:58 - INFO - Trial 74 開始
2025-03-06 at 15:54:37 - INFO - Trial 67 終了: スコア 11.89055550113294
2025-03-06 at 15:54:38 - INFO - Trial 75 開始
2025-03-06 at 15:54:38 - INFO - Trial 68 終了: スコア 11.893803858396751
2025-03-06 at 15:54:38 - INFO - Trial 76 開始
2025-03-06 at 15:58:40 - INFO - Trial 65 終了: スコア 11.891280798516753
2025-03-06 at 15:58:40 - INFO - Trial 77 開始
2025-03-06 at 15:59:27 - INFO - Trial 73 終了: スコア 11.888485135161824
2025-03-06 at 15:59:27 - INFO - Trial 78 開始
2025-03-06 at 16:00:25 - INFO - Trial 66 終了: スコア 11.892948970996892
2025-03-06 at 16:00:25 - INFO - Trial 79 開始
2025-03-06 at 16:02:11 - INFO - Trial 51 終了: スコア 11.888989243408092
2025-03-06 at 16:02:11 - INFO - Trial 80 開始
2025-03-06 at 16:07:06 - INFO - Trial 54 終了: スコア 11.89874911239298
2025-03-06 at 16:07:06 - INFO - Trial 81 開始
2025-03-06 at 16:33:21 - INFO - Trial 80 終了: スコア 11.873949354337912
2025-03-06 at 16:33:21 - INFO - Trial 82 開始
2025-03-06 at 16:38:06 - INFO - Trial 76 終了: スコア 11.87525242512485
2025-03-06 at 16:38:06 - INFO - Trial 83 開始
2025-03-06 at 16:40:17 - INFO - Trial 81 終了: スコア 11.877064680250166
2025-03-06 at 16:40:17 - INFO - Trial 84 開始
2025-03-06 at 16:41:28 - INFO - Trial 78 終了: スコア 11.880150429983852
2025-03-06 at 16:41:28 - INFO - Trial 85 開始
2025-03-06 at 16:44:26 - INFO - Trial 77 終了: スコア 11.877469723023752
2025-03-06 at 16:44:26 - INFO - Trial 86 開始
2025-03-06 at 16:45:13 - INFO - Trial 79 終了: スコア 11.88837336610631
2025-03-06 at 16:45:13 - INFO - Trial 87 開始
2025-03-06 at 16:48:04 - INFO - Trial 74 終了: スコア 11.882836986780868
2025-03-06 at 16:48:04 - INFO - Trial 88 開始
2025-03-06 at 16:49:19 - INFO - Trial 69 終了: スコア 11.891192988868957
2025-03-06 at 16:49:19 - INFO - Trial 89 開始
2025-03-06 at 16:56:12 - INFO - Trial 72 終了: スコア 11.880588550154622
2025-03-06 at 16:56:12 - INFO - Trial 90 開始
2025-03-06 at 16:57:35 - INFO - Trial 70 終了: スコア 11.889679781448688
2025-03-06 at 16:57:35 - INFO - Trial 91 開始
2025-03-06 at 17:01:10 - INFO - Trial 71 終了: スコア 11.890692087423963
2025-03-06 at 17:01:10 - INFO - Trial 92 開始
2025-03-06 at 17:03:52 - INFO - Trial 82 終了: スコア 11.87232762701107
2025-03-06 at 17:03:52 - INFO - Trial 93 開始
2025-03-06 at 17:13:13 - INFO - Trial 75 終了: スコア 11.882199725584702
2025-03-06 at 17:13:13 - INFO - Trial 94 開始
2025-03-06 at 17:21:51 - INFO - Trial 85 終了: スコア 11.914038127699683
2025-03-06 at 17:21:51 - INFO - Trial 95 開始
2025-03-06 at 17:23:24 - INFO - Trial 83 終了: スコア 11.915971004920925
2025-03-06 at 17:23:24 - INFO - Trial 96 開始
2025-03-06 at 17:25:00 - INFO - Trial 84 終了: スコア 11.921998510088933
2025-03-06 at 17:25:00 - INFO - Trial 97 開始
2025-03-06 at 17:27:43 - INFO - Trial 88 終了: スコア 11.90247836637399
2025-03-06 at 17:27:43 - INFO - Trial 98 開始
2025-03-06 at 17:29:09 - INFO - Trial 89 終了: スコア 11.897169570191839
2025-03-06 at 17:29:09 - INFO - Trial 99 開始
2025-03-06 at 17:29:18 - INFO - Trial 86 終了: スコア 11.897747812104885
2025-03-06 at 17:29:18 - INFO - Trial 100 開始
2025-03-06 at 17:30:01 - INFO - Trial 87 終了: スコア 11.90057926963381
2025-03-06 at 17:30:01 - INFO - Trial 101 開始
2025-03-06 at 17:36:53 - INFO - Trial 91 終了: スコア 11.885978783856014
2025-03-06 at 17:36:53 - INFO - Trial 102 開始
2025-03-06 at 17:39:50 - INFO - Trial 90 終了: スコア 11.903312269785648
2025-03-06 at 17:39:50 - INFO - Trial 103 開始
2025-03-06 at 17:45:10 - INFO - Trial 92 終了: スコア 11.898178686891015
2025-03-06 at 17:45:10 - INFO - Trial 104 開始
2025-03-06 at 17:48:36 - INFO - Trial 93 終了: スコア 11.89906172720155
2025-03-06 at 17:48:36 - INFO - Trial 105 開始
2025-03-06 at 17:51:27 - INFO - Trial 95 終了: スコア 11.873843224410544
2025-03-06 at 17:51:27 - INFO - Trial 106 開始
2025-03-06 at 17:53:40 - INFO - Trial 98 終了: スコア 11.873028515605478
2025-03-06 at 17:53:40 - INFO - Trial 107 開始
2025-03-06 at 17:53:50 - INFO - Trial 97 終了: スコア 11.874783962842027
2025-03-06 at 17:53:50 - INFO - Trial 108 開始
2025-03-06 at 17:54:21 - INFO - Trial 96 終了: スコア 11.87495328633337
2025-03-06 at 17:54:21 - INFO - Trial 109 開始
2025-03-06 at 17:55:19 - INFO - Trial 99 終了: スコア 11.87832748449806
2025-03-06 at 17:55:19 - INFO - Trial 110 開始
2025-03-06 at 17:56:30 - INFO - Trial 94 終了: スコア 11.894526161570472
2025-03-06 at 17:56:30 - INFO - Trial 111 開始
2025-03-06 at 17:59:27 - INFO - Trial 101 終了: スコア 11.870380906372265
2025-03-06 at 17:59:27 - INFO - Trial 112 開始
2025-03-06 at 18:00:21 - INFO - Trial 100 終了: スコア 11.873403558981291
2025-03-06 at 18:00:21 - INFO - Trial 113 開始
2025-03-06 at 18:06:19 - INFO - Trial 102 終了: スコア 11.870101869594903
2025-03-06 at 18:06:19 - INFO - Trial 114 開始
2025-03-06 at 18:09:14 - INFO - Trial 103 終了: スコア 11.871804152690302
2025-03-06 at 18:09:14 - INFO - Trial 115 開始
2025-03-06 at 18:16:19 - INFO - Trial 104 終了: スコア 11.870480847424785
2025-03-06 at 18:16:19 - INFO - Trial 116 開始
2025-03-06 at 18:18:27 - INFO - Trial 106 終了: スコア 11.870058740851103
2025-03-06 at 18:18:27 - INFO - Trial 117 開始
2025-03-06 at 18:18:59 - INFO - Trial 105 終了: スコア 11.870838885870132
2025-03-06 at 18:18:59 - INFO - Trial 118 開始
2025-03-06 at 18:19:04 - INFO - Trial 107 終了: スコア 11.871586056107551
2025-03-06 at 18:19:04 - INFO - Trial 119 開始
2025-03-06 at 18:20:21 - INFO - Trial 110 終了: スコア 11.871354217903349
2025-03-06 at 18:20:21 - INFO - Trial 120 開始
2025-03-06 at 18:26:19 - INFO - Trial 111 終了: スコア 11.86908246802324
2025-03-06 at 18:26:19 - INFO - Trial 121 開始
2025-03-06 at 18:26:38 - INFO - Trial 108 終了: スコア 11.868708326472579
2025-03-06 at 18:26:38 - INFO - Trial 122 開始
2025-03-06 at 18:26:40 - INFO - Trial 109 終了: スコア 11.87049321870403
2025-03-06 at 18:26:40 - INFO - Trial 123 開始
2025-03-06 at 18:28:40 - INFO - Trial 112 終了: スコア 11.869960160866802
2025-03-06 at 18:28:40 - INFO - Trial 124 開始
2025-03-06 at 18:33:35 - INFO - Trial 115 終了: スコア 11.871218084880956
2025-03-06 at 18:33:35 - INFO - Trial 125 開始
2025-03-06 at 18:34:28 - INFO - Trial 114 終了: スコア 11.871673264183455
2025-03-06 at 18:34:28 - INFO - Trial 126 開始
2025-03-06 at 18:36:04 - INFO - Trial 113 終了: スコア 11.885104740484909
2025-03-06 at 18:36:04 - INFO - Trial 127 開始
2025-03-06 at 18:42:38 - INFO - Trial 120 終了: スコア 11.872297586540503
2025-03-06 at 18:42:38 - INFO - Trial 128 開始
2025-03-06 at 18:43:32 - INFO - Trial 118 終了: スコア 11.871676289606475
2025-03-06 at 18:43:32 - INFO - Trial 129 開始
2025-03-06 at 18:43:34 - INFO - Trial 116 終了: スコア 11.87021536379988
2025-03-06 at 18:43:34 - INFO - Trial 130 開始
2025-03-06 at 18:45:53 - INFO - Trial 117 終了: スコア 11.881396927460395
2025-03-06 at 18:45:53 - INFO - Trial 131 開始
2025-03-06 at 18:46:36 - INFO - Trial 119 終了: スコア 11.871071696446297
2025-03-06 at 18:46:36 - INFO - Trial 132 開始
2025-03-06 at 18:55:09 - INFO - Trial 121 終了: スコア 11.8703058320233
2025-03-06 at 18:55:09 - INFO - Trial 133 開始
2025-03-06 at 19:01:41 - INFO - Trial 125 終了: スコア 11.871803204707684
2025-03-06 at 19:01:51 - INFO - Trial 123 終了: スコア 11.871566729439502
2025-03-06 at 19:04:15 - INFO - Trial 127 終了: スコア 11.872717278630969
2025-03-06 at 19:04:43 - INFO - Trial 122 終了: スコア 11.870641947906659
2025-03-06 at 19:07:12 - INFO - Trial 124 終了: スコア 11.868036753284182
2025-03-06 at 19:12:01 - INFO - Trial 126 終了: スコア 11.868860080712066
2025-03-06 at 19:15:47 - INFO - Trial 132 終了: スコア 11.868833419552363
2025-03-06 at 19:15:58 - INFO - Trial 128 終了: スコア 11.8656072451754
2025-03-06 at 19:17:01 - INFO - Trial 131 終了: スコア 11.869315849826743
2025-03-06 at 19:17:21 - INFO - Trial 130 終了: スコア 11.869566885063687
2025-03-06 at 19:17:27 - INFO - Trial 129 終了: スコア 11.870722588459424
2025-03-06 at 19:18:32 - INFO - Trial 133 終了: スコア 11.870595505042514
2025-03-06 at 19:18:32 - INFO - Best trial:
2025-03-06 at 19:18:32 - INFO -   Value: 11.8656072451754
2025-03-06 at 19:18:32 - INFO - Optuna最適化終了
2025-03-08 at 05:17:35 - INFO - Optuna最適化開始
2025-03-08 at 05:17:35 - INFO - Trial 0 開始
2025-03-08 at 05:17:35 - INFO - Trial 1 開始
2025-03-08 at 05:17:35 - INFO - Trial 2 開始
2025-03-08 at 05:17:35 - INFO - Trial 3 開始
2025-03-08 at 05:17:35 - INFO - Trial 4 開始
2025-03-08 at 05:17:35 - INFO - Trial 5 開始
2025-03-08 at 05:17:35 - INFO - Trial 6 開始
2025-03-08 at 05:17:35 - INFO - Trial 7 開始
2025-03-08 at 05:17:35 - INFO - Trial 8 開始
2025-03-08 at 05:17:35 - INFO - Trial 9 開始
2025-03-08 at 05:17:35 - INFO - Trial 10 開始
2025-03-08 at 05:17:35 - INFO - Trial 11 開始
